<?xml version="1.0" encoding="UTF-8"?>
<testsuites name="Configuration" time="47" tests="2" failures="0" errors="0">
   <testsuite name="Configuration" tests="2" failures="0" errors="0" time="47" timestamp="2018-11-29 05:04:32" hostname="AM - DESKTOP-A9QU20P" id="Test Suites/Configuration">
      <properties>
         <property name="deviceName" value=""/>
         <property name="devicePlatform" value=""/>
         <property name="logFolder" value="C:\\Users\\AM\\Documents\\Katalon Studio\\sgpf\\Reports\\Configuration\\20181129_050427"/>
         <property name="logFiles" value="C:\\Users\\AM\\Documents\\Katalon Studio\\sgpf\\Reports\\Configuration\\20181129_050427\\execution0.log"/>
         <property name="attachments" value=""/>
         <property name="hostName" value="AM - DESKTOP-A9QU20P"/>
         <property name="os" value="Windows 10 64bit"/>
         <property name="katalonVersion" value="5.6.3.1"/>
         <property name="browser" value="Chrome 70.0.3538.110"/>
         <property name="hostAddress" value="192.168.8.100"/>
         <property name="sessionId" value="0f80bc2b1d0ae4a92324b8ea3b5db9c6"/>
         <property name="seleniumVersion" value="3.7.1"/>
         <property name="proxyInformation" value="ProxyInformation{proxyOption=NO_PROXY, proxyServerType=HTTP, password=, proxyServerAddress=, proxyServerPort=0}"/>
         <property name="platform" value="Windows 10"/>
      </properties>
      <testcase name="Test Cases/Ulogin" classname="Test Cases/Ulogin" status="PASSED">
         <system-out><![CDATA[2018-11-29 05:04:33 - [TEST_CASE][PASSED] - Test Cases/Ulogin: Test Cases/Ulogin

2018-11-29 05:04:33 - [TEST_STEP][PASSED] - openBrowser: Browser is opened with url: ''

2018-11-29 05:04:45 - [MESSAGE][PASSED] - Browser is opened with url: ''

2018-11-29 05:04:45 - [TEST_STEP][PASSED] - navigateToUrl: Navigate to 'http://localhost:8000/login/' successfully

2018-11-29 05:04:51 - [MESSAGE][PASSED] - Navigate to 'http://localhost:8000/login/' successfully

2018-11-29 05:04:51 - [TEST_STEP][PASSED] - setText: Text 'stefanie' is set on object 'Object Repository/Page_Budget Management System/input_username'

2018-11-29 05:04:51 - [MESSAGE][PASSED] - Text 'stefanie' is set on object 'Object Repository/Page_Budget Management System/input_username'

2018-11-29 05:04:51 - [TEST_STEP][PASSED] - setEncryptedText: Text ****** has been set on object 'Object Repository/Page_Budget Management System/input_password'

2018-11-29 05:04:52 - [MESSAGE][PASSED] - Text ****** has been set on object 'Object Repository/Page_Budget Management System/input_password']]></system-out>
         <system-err><![CDATA[]]></system-err>
      </testcase>
      <testcase name="Test Cases/TC_08 Save Concept" classname="Test Cases/TC_08 Save Concept" status="PASSED">
         <system-out><![CDATA[2018-11-29 05:04:52 - [TEST_CASE][PASSED] - Test Cases/TC_08 Save Concept: Test Cases/TC_08 Save Concept

2018-11-29 05:04:52 - [TEST_STEP][PASSED] - click: Object: 'Object Repository/Page_Budget Management System/button_Sign In' is clicked on

2018-11-29 05:04:58 - [MESSAGE][PASSED] - Object: 'Object Repository/Page_Budget Management System/button_Sign In' is clicked on

2018-11-29 05:04:58 - [TEST_STEP][PASSED] - click: Object: 'Object Repository/Page_Budget Management System/a_Configuration (1)' is clicked on

2018-11-29 05:04:59 - [MESSAGE][PASSED] - Object: 'Object Repository/Page_Budget Management System/a_Configuration (1)' is clicked on

2018-11-29 05:04:59 - [TEST_STEP][PASSED] - click: Object: 'Object Repository/Page_Budget Management System/a_Concept' is clicked on

2018-11-29 05:05:02 - [MESSAGE][PASSED] - Object: 'Object Repository/Page_Budget Management System/a_Concept' is clicked on

2018-11-29 05:05:02 - [TEST_STEP][PASSED] - Statement - For ([row = 1, row <= com.kms.katalon.core.testdata.TestDataFactory.findTestData(TD Concept).getRowNumbers(), (row++)]): Reading CSV file with source file 'comma', separator 'containing header' and '{2}'

2018-11-29 05:05:02 - [TEST_STEP][PASSED] - click: Object: 'Object Repository/Page_Budget Management System/a_Configuration (1)' is clicked on

2018-11-29 05:05:03 - [MESSAGE][PASSED] - Object: 'Object Repository/Page_Budget Management System/a_Configuration (1)' is clicked on

2018-11-29 05:05:03 - [TEST_STEP][PASSED] - click: Object: 'Object Repository/Page_Budget Management System/a_Concept' is clicked on

2018-11-29 05:05:03 - [MESSAGE][PASSED] - Object: 'Object Repository/Page_Budget Management System/a_Concept' is clicked on

2018-11-29 05:05:03 - [TEST_STEP][PASSED] - setText: Text 'food' is set on object 'Object Repository/Page_Budget Management System/input_name'

2018-11-29 05:05:04 - [MESSAGE][PASSED] - Text 'food' is set on object 'Object Repository/Page_Budget Management System/input_name'

2018-11-29 05:05:04 - [TEST_STEP][PASSED] - setText: Text '5000' is set on object 'Object Repository/Page_Budget Management System/input_value (2)'

2018-11-29 05:05:06 - [MESSAGE][PASSED] - Text '5000' is set on object 'Object Repository/Page_Budget Management System/input_value (2)'

2018-11-29 05:05:06 - [TEST_STEP][PASSED] - selectOptionByValue: All options with value '2' are selected in object 'Object Repository/Page_Budget Management System/select_No Period'  using regular expression

2018-11-29 05:05:07 - [MESSAGE][PASSED] - All options with value '2' are selected in object 'Object Repository/Page_Budget Management System/select_No Period'  using regular expression

2018-11-29 05:05:07 - [TEST_STEP][PASSED] - selectOptionByValue: All options with value 'False' are selected in object 'Object Repository/Page_Budget Management System/select_Expense'  using regular expression

2018-11-29 05:05:08 - [MESSAGE][PASSED] - All options with value 'False' are selected in object 'Object Repository/Page_Budget Management System/select_Expense'  using regular expression

2018-11-29 05:05:08 - [TEST_STEP][PASSED] - click: Object: 'Object Repository/Page_Budget Management System/button_Save' is clicked on

2018-11-29 05:05:10 - [MESSAGE][PASSED] - Object: 'Object Repository/Page_Budget Management System/button_Save' is clicked on

2018-11-29 05:05:10 - [TEST_STEP][PASSED] - Statement - java.lang.Thread.sleep(2000): Reading CSV file with source file 'comma', separator 'containing header' and '{2}'

2018-11-29 05:05:12 - [TEST_STEP][PASSED] - click: Object: 'Object Repository/Page_Budget Management System/a_Configuration (1)' is clicked on

2018-11-29 05:05:12 - [MESSAGE][PASSED] - Object: 'Object Repository/Page_Budget Management System/a_Configuration (1)' is clicked on

2018-11-29 05:05:12 - [TEST_STEP][PASSED] - click: Object: 'Object Repository/Page_Budget Management System/a_Concept' is clicked on

2018-11-29 05:05:12 - [MESSAGE][PASSED] - Object: 'Object Repository/Page_Budget Management System/a_Concept' is clicked on

2018-11-29 05:05:12 - [TEST_STEP][PASSED] - setText: Text '#' is set on object 'Object Repository/Page_Budget Management System/input_name'

2018-11-29 05:05:13 - [MESSAGE][PASSED] - Text '#' is set on object 'Object Repository/Page_Budget Management System/input_name'

2018-11-29 05:05:13 - [TEST_STEP][PASSED] - setText: Text '-233' is set on object 'Object Repository/Page_Budget Management System/input_value (2)'

2018-11-29 05:05:13 - [MESSAGE][PASSED] - Text '-233' is set on object 'Object Repository/Page_Budget Management System/input_value (2)'

2018-11-29 05:05:13 - [TEST_STEP][PASSED] - selectOptionByValue: All options with value '2' are selected in object 'Object Repository/Page_Budget Management System/select_No Period'  using regular expression

2018-11-29 05:05:14 - [MESSAGE][PASSED] - All options with value '2' are selected in object 'Object Repository/Page_Budget Management System/select_No Period'  using regular expression

2018-11-29 05:05:14 - [TEST_STEP][PASSED] - selectOptionByValue: All options with value 'False' are selected in object 'Object Repository/Page_Budget Management System/select_Expense'  using regular expression

2018-11-29 05:05:15 - [MESSAGE][PASSED] - All options with value 'False' are selected in object 'Object Repository/Page_Budget Management System/select_Expense'  using regular expression

2018-11-29 05:05:15 - [TEST_STEP][PASSED] - click: Object: 'Object Repository/Page_Budget Management System/button_Save' is clicked on

2018-11-29 05:05:15 - [MESSAGE][PASSED] - Object: 'Object Repository/Page_Budget Management System/button_Save' is clicked on

2018-11-29 05:05:15 - [TEST_STEP][PASSED] - Statement - java.lang.Thread.sleep(2000): Reading CSV file with source file 'comma', separator 'containing header' and '{2}'

2018-11-29 05:05:18 - [TEST_STEP][PASSED] - closeBrowser: Browser is closed

2018-11-29 05:05:20 - [MESSAGE][PASSED] - Browser is closed]]></system-out>
         <system-err><![CDATA[]]></system-err>
      </testcase>
      <system-out><![CDATA[2018-11-29 05:04:32 - [TEST_SUITE][PASSED] - Configuration: Test Cases/TC_08 Save Concept]]></system-out>
      <system-err><![CDATA[]]></system-err>
   </testsuite>
</testsuites>
