<?xml version="1.0" encoding="UTF-8"?>
<testsuites name="TSu_5 ConfPorct" time="33" tests="2" failures="0" errors="0">
   <testsuite name="TSu_5 ConfPorct" tests="2" failures="0" errors="0" time="33" timestamp="2018-11-29 09:00:31" hostname="AM - DESKTOP-A9QU20P" id="Test Suites/TSu_5 ConfPorct">
      <properties>
         <property name="deviceName" value=""/>
         <property name="devicePlatform" value=""/>
         <property name="logFolder" value="C:\\Users\\AM\\Documents\\Katalon Studio\\sgpf\\Reports\\TSu_5 ConfPorct\\20181129_090027"/>
         <property name="logFiles" value="C:\\Users\\AM\\Documents\\Katalon Studio\\sgpf\\Reports\\TSu_5 ConfPorct\\20181129_090027\\execution0.log"/>
         <property name="attachments" value=""/>
         <property name="hostName" value="AM - DESKTOP-A9QU20P"/>
         <property name="os" value="Windows 10 64bit"/>
         <property name="katalonVersion" value="5.6.3.1"/>
         <property name="browser" value="Chrome 70.0.3538.110"/>
         <property name="hostAddress" value="192.168.8.100"/>
         <property name="sessionId" value="249fb36ebdc1220eb6fc39f4e1f23498"/>
         <property name="seleniumVersion" value="3.7.1"/>
         <property name="proxyInformation" value="ProxyInformation{proxyOption=NO_PROXY, proxyServerType=HTTP, password=, proxyServerAddress=, proxyServerPort=0}"/>
         <property name="platform" value="Windows 10"/>
      </properties>
      <testcase name="Test Cases/Ulogin" classname="Test Cases/Ulogin" status="PASSED">
         <system-out><![CDATA[2018-11-29 09:00:32 - [TEST_CASE][PASSED] - Test Cases/Ulogin: Test Cases/Ulogin

2018-11-29 09:00:33 - [TEST_STEP][PASSED] - openBrowser: Browser is opened with url: ''

2018-11-29 09:00:39 - [MESSAGE][PASSED] - Browser is opened with url: ''

2018-11-29 09:00:39 - [TEST_STEP][PASSED] - navigateToUrl: Navigate to 'http://localhost:8000/login/' successfully

2018-11-29 09:00:46 - [MESSAGE][PASSED] - Navigate to 'http://localhost:8000/login/' successfully

2018-11-29 09:00:46 - [TEST_STEP][PASSED] - setText: Text 'stefanie' is set on object 'Object Repository/Page_Budget Management System/input_username'

2018-11-29 09:00:47 - [MESSAGE][PASSED] - Text 'stefanie' is set on object 'Object Repository/Page_Budget Management System/input_username'

2018-11-29 09:00:47 - [TEST_STEP][PASSED] - setEncryptedText: Text ****** has been set on object 'Object Repository/Page_Budget Management System/input_password'

2018-11-29 09:00:48 - [MESSAGE][PASSED] - Text ****** has been set on object 'Object Repository/Page_Budget Management System/input_password']]></system-out>
         <system-err><![CDATA[]]></system-err>
      </testcase>
      <testcase name="Test Cases/TC_10 Change Percentage" classname="Test Cases/TC_10 Change Percentage" status="PASSED">
         <system-out><![CDATA[2018-11-29 09:00:48 - [TEST_CASE][PASSED] - Test Cases/TC_10 Change Percentage: Test Cases/TC_10 Change Percentage

2018-11-29 09:00:49 - [TEST_STEP][PASSED] - click: Object: 'Object Repository/Page_Budget Management System/button_Sign In' is clicked on

2018-11-29 09:00:52 - [MESSAGE][PASSED] - Object: 'Object Repository/Page_Budget Management System/button_Sign In' is clicked on

2018-11-29 09:00:52 - [TEST_STEP][PASSED] - click: Object: 'Object Repository/Page_Budget Management System/a_Configuration' is clicked on

2018-11-29 09:00:52 - [MESSAGE][PASSED] - Object: 'Object Repository/Page_Budget Management System/a_Configuration' is clicked on

2018-11-29 09:00:52 - [TEST_STEP][PASSED] - click: Object: 'Object Repository/Page_Budget Management System/a_Percentage' is clicked on

2018-11-29 09:00:54 - [MESSAGE][PASSED] - Object: 'Object Repository/Page_Budget Management System/a_Percentage' is clicked on

2018-11-29 09:00:54 - [TEST_STEP][PASSED] - Statement - For ([row = 1, row <= com.kms.katalon.core.testdata.TestDataFactory.findTestData(TD Change Percentage).getRowNumbers(), (row++)]): Reading CSV file with source file 'comma', separator 'containing header' and '{2}'

2018-11-29 09:00:54 - [TEST_STEP][PASSED] - click: Object: 'Object Repository/Page_Budget Management System/button_Use this Percentage' is clicked on

2018-11-29 09:00:56 - [MESSAGE][PASSED] - Object: 'Object Repository/Page_Budget Management System/button_Use this Percentage' is clicked on

2018-11-29 09:00:56 - [TEST_STEP][PASSED] - Statement - java.lang.Thread.sleep(2000): Reading CSV file with source file 'comma', separator 'containing header' and '{2}'

2018-11-29 09:00:58 - [TEST_STEP][PASSED] - click: Object: 'Object Repository/Page_Budget Management System/button_Use this Percentage' is clicked on

2018-11-29 09:00:59 - [MESSAGE][PASSED] - Object: 'Object Repository/Page_Budget Management System/button_Use this Percentage' is clicked on

2018-11-29 09:00:59 - [TEST_STEP][PASSED] - Statement - java.lang.Thread.sleep(2000): Reading CSV file with source file 'comma', separator 'containing header' and '{2}'

2018-11-29 09:01:01 - [TEST_STEP][PASSED] - click: Object: 'Object Repository/Page_Budget Management System/button_Use this Percentage' is clicked on

2018-11-29 09:01:01 - [MESSAGE][PASSED] - Object: 'Object Repository/Page_Budget Management System/button_Use this Percentage' is clicked on

2018-11-29 09:01:01 - [TEST_STEP][PASSED] - Statement - java.lang.Thread.sleep(2000): Reading CSV file with source file 'comma', separator 'containing header' and '{2}'

2018-11-29 09:01:03 - [TEST_STEP][PASSED] - closeBrowser: Browser is closed

2018-11-29 09:01:04 - [MESSAGE][PASSED] - Browser is closed]]></system-out>
         <system-err><![CDATA[]]></system-err>
      </testcase>
      <system-out><![CDATA[2018-11-29 09:00:31 - [TEST_SUITE][PASSED] - TSu_5 ConfPorct: Test Cases/TC_10 Change Percentage]]></system-out>
      <system-err><![CDATA[]]></system-err>
   </testsuite>
</testsuites>
