<?xml version="1.0" encoding="UTF-8"?>
<testsuites name="TSu_3 Forgot Password" time="84" tests="1" failures="0" errors="0">
   <testsuite name="TSu_3 Forgot Password" tests="1" failures="0" errors="0" time="84" timestamp="2018-12-08 17:01:16" hostname="AM - DESKTOP-A9QU20P" id="Test Suites/TSu_3 Forgot Password">
      <properties>
         <property name="deviceName" value=""/>
         <property name="devicePlatform" value=""/>
         <property name="logFolder" value="C:\\Users\\AM\\Documents\\Katalon Studio\\sgpf\\Reports\\TSu_3 Forgot Password\\20181208_170110"/>
         <property name="logFiles" value="C:\\Users\\AM\\Documents\\Katalon Studio\\sgpf\\Reports\\TSu_3 Forgot Password\\20181208_170110\\execution0.log"/>
         <property name="attachments" value=""/>
         <property name="hostName" value="AM - DESKTOP-A9QU20P"/>
         <property name="os" value="Windows 10 64bit"/>
         <property name="katalonVersion" value="5.6.3.1"/>
         <property name="browser" value="Chrome 70.0.3538.110"/>
         <property name="hostAddress" value="192.168.8.100"/>
         <property name="sessionId" value="5b242a4d103b2ada5a71507ba246a83b"/>
         <property name="seleniumVersion" value="3.7.1"/>
         <property name="proxyInformation" value="ProxyInformation{proxyOption=NO_PROXY, proxyServerType=HTTP, password=, proxyServerAddress=, proxyServerPort=0}"/>
         <property name="platform" value="Windows 10"/>
      </properties>
      <testcase name="Test Cases/TC_03 Forgot Password" classname="Test Cases/TC_03 Forgot Password" status="PASSED">
         <system-out><![CDATA[2018-12-08 17:01:18 - [TEST_CASE][PASSED] - Test Cases/TC_03 Forgot Password: Test Cases/TC_03 Forgot Password

2018-12-08 17:01:18 - [TEST_STEP][PASSED] - openBrowser: Browser is opened with url: ''

2018-12-08 17:02:15 - [MESSAGE][PASSED] - Browser is opened with url: ''

2018-12-08 17:02:15 - [TEST_STEP][PASSED] - navigateToUrl: Navigate to 'http://localhost:8000/login/' successfully

2018-12-08 17:02:24 - [MESSAGE][PASSED] - Navigate to 'http://localhost:8000/login/' successfully

2018-12-08 17:02:24 - [TEST_STEP][PASSED] - click: Object: 'Object Repository/Page_Budget Management System/strong_Forgot your password' is clicked on

2018-12-08 17:02:27 - [MESSAGE][PASSED] - Object: 'Object Repository/Page_Budget Management System/strong_Forgot your password' is clicked on

2018-12-08 17:02:27 - [TEST_STEP][PASSED] - setText: Text '#' is set on object 'Object Repository/Page_Budget Management System/input_email (1)'

2018-12-08 17:02:29 - [MESSAGE][PASSED] - Text '#' is set on object 'Object Repository/Page_Budget Management System/input_email (1)'

2018-12-08 17:02:29 - [TEST_STEP][PASSED] - click: Object: 'Object Repository/Page_Budget Management System/button_Submit' is clicked on

2018-12-08 17:02:30 - [MESSAGE][PASSED] - Object: 'Object Repository/Page_Budget Management System/button_Submit' is clicked on

2018-12-08 17:02:30 - [TEST_STEP][PASSED] - Statement - java.lang.Thread.sleep(1000): null

2018-12-08 17:02:31 - [TEST_STEP][PASSED] - setText: Text 'buttersdc748@gmail.com' is set on object 'Object Repository/Page_Budget Management System/input_email (1)'

2018-12-08 17:02:33 - [MESSAGE][PASSED] - Text 'buttersdc748@gmail.com' is set on object 'Object Repository/Page_Budget Management System/input_email (1)'

2018-12-08 17:02:33 - [TEST_STEP][PASSED] - click: Object: 'Object Repository/Page_Budget Management System/button_Submit' is clicked on

2018-12-08 17:02:35 - [MESSAGE][PASSED] - Object: 'Object Repository/Page_Budget Management System/button_Submit' is clicked on

2018-12-08 17:02:35 - [TEST_STEP][PASSED] - click: Object: 'Object Repository/Page_Budget Management System/a_Go Back to Login' is clicked on

2018-12-08 17:02:37 - [MESSAGE][PASSED] - Object: 'Object Repository/Page_Budget Management System/a_Go Back to Login' is clicked on

2018-12-08 17:02:37 - [TEST_STEP][PASSED] - Statement - java.lang.Thread.sleep(1000): null

2018-12-08 17:02:38 - [TEST_STEP][PASSED] - closeBrowser: Browser is closed

2018-12-08 17:02:40 - [MESSAGE][PASSED] - Browser is closed]]></system-out>
         <system-err><![CDATA[]]></system-err>
      </testcase>
      <system-out><![CDATA[2018-12-08 17:01:16 - [TEST_SUITE][PASSED] - TSu_3 Forgot Password: Test Cases/TC_03 Forgot Password]]></system-out>
      <system-err><![CDATA[]]></system-err>
   </testsuite>
</testsuites>
