<?xml version="1.0" encoding="UTF-8"?>
<testsuites name="Validation" time="129" tests="0" failures="1" errors="0">
   <testsuite name="Validation" tests="0" failures="1" errors="0" time="129" timestamp="2018-11-29 06:15:03" hostname="AM - DESKTOP-A9QU20P" id="Test Suites/Validation">
      <properties>
         <property name="deviceName" value=""/>
         <property name="devicePlatform" value=""/>
         <property name="logFolder" value="C:\\Users\\AM\\Documents\\Katalon Studio\\sgpf\\Reports\\Validation\\20181129_061455"/>
         <property name="logFiles" value="C:\\Users\\AM\\Documents\\Katalon Studio\\sgpf\\Reports\\Validation\\20181129_061455\\execution0.log"/>
         <property name="attachments" value="C:\\Users\\AM\\Documents\\Katalon Studio\\sgpf\\Reports\\Validation\\20181129_061455\\1543490229249.png"/>
         <property name="hostName" value="AM - DESKTOP-A9QU20P"/>
         <property name="os" value="Windows 10 64bit"/>
         <property name="katalonVersion" value="5.6.3.1"/>
         <property name="browser" value="Chrome 70.0.3538.110"/>
         <property name="hostAddress" value="192.168.8.100"/>
         <property name="sessionId" value="8bc0e0e89b1861febad856b5f8c789ce"/>
         <property name="seleniumVersion" value="3.7.1"/>
         <property name="proxyInformation" value="ProxyInformation{proxyOption=NO_PROXY, proxyServerType=HTTP, password=, proxyServerAddress=, proxyServerPort=0}"/>
         <property name="platform" value="Windows 10"/>
      </properties>
      <testcase name="Test Cases/TC_01 SignUp" classname="Test Cases/TC_01 SignUp" status="FAILED">
         <failure type="FAILED" message="Unable to set text 'Dalila' of object 'Object Repository/Page_Budget Management System/input_username (1)' (Root cause: com.kms.katalon.core.webui.exception.WebElementNotFoundException: Web element with id: 'Object Repository/Page_Budget Management System/input_username (1)' located by 'By.xpath: //input[@type = 'text' and @name = 'username' and @placeholder = 'username']' not found)"/>
         <system-out><![CDATA[2018-11-29 06:15:04 - [TEST_CASE][FAILED] - Test Cases/TC_01 SignUp: Test Cases/TC_01 SignUp FAILED because (of) Unable to set text 'Dalila' of object 'Object Repository/Page_Budget Management System/input_username (1)' (Root cause: com.kms.katalon.core.webui.exception.WebElementNotFoundException: Web element with id: 'Object Repository/Page_Budget Management System/input_username (1)' located by 'By.xpath: //input[@type = 'text' and @name = 'username' and @placeholder = 'username']' not found)

2018-11-29 06:15:05 - [TEST_STEP][PASSED] - openBrowser: Browser is opened with url: ''

2018-11-29 06:15:49 - [MESSAGE][PASSED] - Browser is opened with url: ''

2018-11-29 06:15:49 - [TEST_STEP][PASSED] - navigateToUrl: Navigate to 'http://localhost:8000/signup/' successfully

2018-11-29 06:15:56 - [MESSAGE][PASSED] - Navigate to 'http://localhost:8000/signup/' successfully

2018-11-29 06:15:56 - [TEST_STEP][FAILED] - Statement - For ([row = 1, row < com.kms.katalon.core.testdata.TestDataFactory.findTestData(TD Sign Up).getRowNumbers(), (row++)]): Unable to set text 'Dalila' of object 'Object Repository/Page_Budget Management System/input_username (1)' (Root cause: com.kms.katalon.core.webui.exception.WebElementNotFoundException: Web element with id: 'Object Repository/Page_Budget Management System/input_username (1)' located by 'By.xpath: //input[@type = 'text' and @name = 'username' and @placeholder = 'username']' not found)

2018-11-29 06:15:56 - [TEST_STEP][PASSED] - setText: Text 'Anabel' is set on object 'Object Repository/Page_Budget Management System/input_username (1)'

2018-11-29 06:16:02 - [MESSAGE][PASSED] - Text 'Anabel' is set on object 'Object Repository/Page_Budget Management System/input_username (1)'

2018-11-29 06:16:02 - [TEST_STEP][PASSED] - setText: Text 'Anabel@gmail.com' is set on object 'Object Repository/Page_Budget Management System/input_email'

2018-11-29 06:16:03 - [MESSAGE][PASSED] - Text 'Anabel@gmail.com' is set on object 'Object Repository/Page_Budget Management System/input_email'

2018-11-29 06:16:03 - [TEST_STEP][PASSED] - setText: Text '1234' is set on object 'Object Repository/Page_Budget Management System/input_password1'

2018-11-29 06:16:05 - [MESSAGE][PASSED] - Text '1234' is set on object 'Object Repository/Page_Budget Management System/input_password1'

2018-11-29 06:16:05 - [TEST_STEP][PASSED] - setText: Text '1235' is set on object 'Object Repository/Page_Budget Management System/input_password2'

2018-11-29 06:16:06 - [MESSAGE][PASSED] - Text '1235' is set on object 'Object Repository/Page_Budget Management System/input_password2'

2018-11-29 06:16:06 - [TEST_STEP][PASSED] - click: Object: 'Object Repository/Page_Budget Management System/button_Sign Up' is clicked on

2018-11-29 06:16:08 - [MESSAGE][PASSED] - Object: 'Object Repository/Page_Budget Management System/button_Sign Up' is clicked on

2018-11-29 06:16:08 - [TEST_STEP][PASSED] - Statement - java.lang.Thread.sleep(2000): Reading CSV file with source file 'comma', separator 'containing header' and '{2}'

2018-11-29 06:16:11 - [TEST_STEP][PASSED] - setText: Text 'Anabel' is set on object 'Object Repository/Page_Budget Management System/input_username (1)'

2018-11-29 06:16:12 - [MESSAGE][PASSED] - Text 'Anabel' is set on object 'Object Repository/Page_Budget Management System/input_username (1)'

2018-11-29 06:16:12 - [TEST_STEP][PASSED] - setText: Text 'Anabel@gmail.com' is set on object 'Object Repository/Page_Budget Management System/input_email'

2018-11-29 06:16:14 - [MESSAGE][PASSED] - Text 'Anabel@gmail.com' is set on object 'Object Repository/Page_Budget Management System/input_email'

2018-11-29 06:16:14 - [TEST_STEP][PASSED] - setText: Text '1234' is set on object 'Object Repository/Page_Budget Management System/input_password1'

2018-11-29 06:16:15 - [MESSAGE][PASSED] - Text '1234' is set on object 'Object Repository/Page_Budget Management System/input_password1'

2018-11-29 06:16:15 - [TEST_STEP][PASSED] - setText: Text '1234' is set on object 'Object Repository/Page_Budget Management System/input_password2'

2018-11-29 06:16:16 - [MESSAGE][PASSED] - Text '1234' is set on object 'Object Repository/Page_Budget Management System/input_password2'

2018-11-29 06:16:16 - [TEST_STEP][PASSED] - click: Object: 'Object Repository/Page_Budget Management System/button_Sign Up' is clicked on

2018-11-29 06:16:17 - [MESSAGE][PASSED] - Object: 'Object Repository/Page_Budget Management System/button_Sign Up' is clicked on

2018-11-29 06:16:17 - [TEST_STEP][PASSED] - Statement - java.lang.Thread.sleep(2000): Reading CSV file with source file 'comma', separator 'containing header' and '{2}'

2018-11-29 06:16:19 - [TEST_STEP][PASSED] - setText: Text 'Anabel' is set on object 'Object Repository/Page_Budget Management System/input_username (1)'

2018-11-29 06:16:19 - [MESSAGE][PASSED] - Text 'Anabel' is set on object 'Object Repository/Page_Budget Management System/input_username (1)'

2018-11-29 06:16:19 - [TEST_STEP][PASSED] - setText: Text 'Anabel@gmail.com' is set on object 'Object Repository/Page_Budget Management System/input_email'

2018-11-29 06:16:21 - [MESSAGE][PASSED] - Text 'Anabel@gmail.com' is set on object 'Object Repository/Page_Budget Management System/input_email'

2018-11-29 06:16:21 - [TEST_STEP][PASSED] - setText: Text 'perritos1234' is set on object 'Object Repository/Page_Budget Management System/input_password1'

2018-11-29 06:16:21 - [MESSAGE][PASSED] - Text 'perritos1234' is set on object 'Object Repository/Page_Budget Management System/input_password1'

2018-11-29 06:16:21 - [TEST_STEP][PASSED] - setText: Text 'perritos1235' is set on object 'Object Repository/Page_Budget Management System/input_password2'

2018-11-29 06:16:23 - [MESSAGE][PASSED] - Text 'perritos1235' is set on object 'Object Repository/Page_Budget Management System/input_password2'

2018-11-29 06:16:23 - [TEST_STEP][PASSED] - click: Object: 'Object Repository/Page_Budget Management System/button_Sign Up' is clicked on

2018-11-29 06:16:24 - [MESSAGE][PASSED] - Object: 'Object Repository/Page_Budget Management System/button_Sign Up' is clicked on

2018-11-29 06:16:24 - [TEST_STEP][PASSED] - Statement - java.lang.Thread.sleep(2000): Reading CSV file with source file 'comma', separator 'containing header' and '{2}'

2018-11-29 06:16:26 - [TEST_STEP][PASSED] - setText: Text 'Anabel' is set on object 'Object Repository/Page_Budget Management System/input_username (1)'

2018-11-29 06:16:27 - [MESSAGE][PASSED] - Text 'Anabel' is set on object 'Object Repository/Page_Budget Management System/input_username (1)'

2018-11-29 06:16:27 - [TEST_STEP][PASSED] - setText: Text 'Anabel@gmail.com' is set on object 'Object Repository/Page_Budget Management System/input_email'

2018-11-29 06:16:30 - [MESSAGE][PASSED] - Text 'Anabel@gmail.com' is set on object 'Object Repository/Page_Budget Management System/input_email'

2018-11-29 06:16:30 - [TEST_STEP][PASSED] - setText: Text 'perritos1234' is set on object 'Object Repository/Page_Budget Management System/input_password1'

2018-11-29 06:16:31 - [MESSAGE][PASSED] - Text 'perritos1234' is set on object 'Object Repository/Page_Budget Management System/input_password1'

2018-11-29 06:16:31 - [TEST_STEP][PASSED] - setText: Text 'perritos1234' is set on object 'Object Repository/Page_Budget Management System/input_password2'

2018-11-29 06:16:32 - [MESSAGE][PASSED] - Text 'perritos1234' is set on object 'Object Repository/Page_Budget Management System/input_password2'

2018-11-29 06:16:32 - [TEST_STEP][PASSED] - click: Object: 'Object Repository/Page_Budget Management System/button_Sign Up' is clicked on

2018-11-29 06:16:34 - [MESSAGE][PASSED] - Object: 'Object Repository/Page_Budget Management System/button_Sign Up' is clicked on

2018-11-29 06:16:34 - [TEST_STEP][PASSED] - Statement - java.lang.Thread.sleep(2000): Reading CSV file with source file 'comma', separator 'containing header' and '{2}'

2018-11-29 06:16:36 - [TEST_STEP][FAILED] - setText: Unable to set text 'Dalila' of object 'Object Repository/Page_Budget Management System/input_username (1)' (Root cause: com.kms.katalon.core.webui.exception.WebElementNotFoundException: Web element with id: 'Object Repository/Page_Budget Management System/input_username (1)' located by 'By.xpath: //input[@type = 'text' and @name = 'username' and @placeholder = 'username']' not found)

2018-11-29 06:17:10 - [MESSAGE][FAILED] - Unable to set text 'Dalila' of object 'Object Repository/Page_Budget Management System/input_username (1)' (Root cause: com.kms.katalon.core.webui.exception.WebElementNotFoundException: Web element with id: 'Object Repository/Page_Budget Management System/input_username (1)' located by 'By.xpath: //input[@type = 'text' and @name = 'username' and @placeholder = 'username']' not found)
[[ATTACHMENT|C:\\Users\\AM\\Documents\\Katalon Studio\\sgpf\\Reports\\Validation\\20181129_061455\\1543490229249.png]]]]></system-out>
         <system-err><![CDATA[2018-11-29 06:15:04 - [TEST_CASE][FAILED] - Test Cases/TC_01 SignUp: Test Cases/TC_01 SignUp FAILED because (of) Unable to set text 'Dalila' of object 'Object Repository/Page_Budget Management System/input_username (1)' (Root cause: com.kms.katalon.core.webui.exception.WebElementNotFoundException: Web element with id: 'Object Repository/Page_Budget Management System/input_username (1)' located by 'By.xpath: //input[@type = 'text' and @name = 'username' and @placeholder = 'username']' not found)]]></system-err>
      </testcase>
      <system-out><![CDATA[2018-11-29 06:15:03 - [TEST_SUITE][FAILED] - Validation: Test Cases/TC_01 SignUp FAILED because (of) Unable to set text 'Dalila' of object 'Object Repository/Page_Budget Management System/input_username (1)' (Root cause: com.kms.katalon.core.webui.exception.WebElementNotFoundException: Web element with id: 'Object Repository/Page_Budget Management System/input_username (1)' located by 'By.xpath: //input[@type = 'text' and @name = 'username' and @placeholder = 'username']' not found)]]></system-out>
      <system-err><![CDATA[2018-11-29 06:15:03 - [TEST_SUITE][FAILED] - Validation: Test Cases/TC_01 SignUp FAILED because (of) Unable to set text 'Dalila' of object 'Object Repository/Page_Budget Management System/input_username (1)' (Root cause: com.kms.katalon.core.webui.exception.WebElementNotFoundException: Web element with id: 'Object Repository/Page_Budget Management System/input_username (1)' located by 'By.xpath: //input[@type = 'text' and @name = 'username' and @placeholder = 'username']' not found)]]></system-err>
   </testsuite>
</testsuites>
