<?xml version="1.0" encoding="UTF-8"?>
<testsuites name="TSu_5 Daily Input" time="69" tests="1" failures="1" errors="0">
   <testsuite name="TSu_5 Daily Input" tests="1" failures="1" errors="0" time="69" timestamp="2018-12-08 17:21:37" hostname="AM - DESKTOP-A9QU20P" id="Test Suites/TSu_5 Daily Input">
      <properties>
         <property name="deviceName" value=""/>
         <property name="devicePlatform" value=""/>
         <property name="logFolder" value="C:\\Users\\AM\\Documents\\Katalon Studio\\sgpf\\Reports\\TSu_5 Daily Input\\20181208_172133"/>
         <property name="logFiles" value="C:\\Users\\AM\\Documents\\Katalon Studio\\sgpf\\Reports\\TSu_5 Daily Input\\20181208_172133\\execution0.log"/>
         <property name="attachments" value="C:\\Users\\AM\\Documents\\Katalon Studio\\sgpf\\Reports\\TSu_5 Daily Input\\20181208_172133\\1544307765554.png"/>
         <property name="hostName" value="AM - DESKTOP-A9QU20P"/>
         <property name="os" value="Windows 10 64bit"/>
         <property name="katalonVersion" value="5.6.3.1"/>
         <property name="browser" value="Chrome 70.0.3538.110"/>
         <property name="hostAddress" value="192.168.8.100"/>
         <property name="sessionId" value="b0ccafd6a786c2c9939e7a8c8c4716e2"/>
         <property name="seleniumVersion" value="3.7.1"/>
         <property name="proxyInformation" value="ProxyInformation{proxyOption=NO_PROXY, proxyServerType=HTTP, password=, proxyServerAddress=, proxyServerPort=0}"/>
         <property name="platform" value="Windows 10"/>
      </properties>
      <testcase name="Test Cases/Ulogin" classname="Test Cases/Ulogin" status="PASSED">
         <system-out><![CDATA[2018-12-08 17:21:38 - [TEST_CASE][PASSED] - Test Cases/Ulogin: Test Cases/Ulogin

2018-12-08 17:21:39 - [TEST_STEP][PASSED] - openBrowser: Browser is opened with url: ''

2018-12-08 17:21:50 - [MESSAGE][PASSED] - Browser is opened with url: ''

2018-12-08 17:21:50 - [TEST_STEP][PASSED] - navigateToUrl: Navigate to 'http://localhost:8000/login/' successfully

2018-12-08 17:21:54 - [MESSAGE][PASSED] - Navigate to 'http://localhost:8000/login/' successfully

2018-12-08 17:21:54 - [TEST_STEP][PASSED] - setText: Text 'stefanie' is set on object 'Object Repository/Page_Budget Management System/input_username'

2018-12-08 17:22:00 - [MESSAGE][PASSED] - Text 'stefanie' is set on object 'Object Repository/Page_Budget Management System/input_username'

2018-12-08 17:22:00 - [TEST_STEP][PASSED] - setEncryptedText: Text ****** has been set on object 'Object Repository/Page_Budget Management System/input_password'

2018-12-08 17:22:02 - [MESSAGE][PASSED] - Text ****** has been set on object 'Object Repository/Page_Budget Management System/input_password']]></system-out>
         <system-err><![CDATA[]]></system-err>
      </testcase>
      <testcase name="Test Cases/TC_06 Add Daily Input" classname="Test Cases/TC_06 Add Daily Input" status="FAILED">
         <failure type="FAILED" message="Unable to select option by value '41' of object 'Object Repository/Page_Budget Management System/select_Cartera'  using regular expression (Root cause: com.kms.katalon.core.webui.exception.WebElementNotFoundException: Web element with id: 'Object Repository/Page_Budget Management System/select_Cartera' located by 'By.xpath: //select[@id = 'conceptos' and @name = 'id_concepto' and (text() = '
            
              Cartera
            
              Gaseosa
            
              cine
            
              freelancing
            
              celular
            
              polo
            
              compras casa
            
              mantenimiento laptop
            
              Libro
            
              Dictado de clases
            
              viaje lima
            
              temporal
            
              temporal
            
          ' or . = '
            
              Cartera
            
              Gaseosa
            
              cine
            
              freelancing
            
              celular
            
              polo
            
              compras casa
            
              mantenimiento laptop
            
              Libro
            
              Dictado de clases
            
              viaje lima
            
              temporal
            
              temporal
            
          ')]' not found)"/>
         <system-out><![CDATA[2018-12-08 17:22:02 - [TEST_CASE][FAILED] - Test Cases/TC_06 Add Daily Input: Test Cases/TC_06 Add Daily Input FAILED because (of) Unable to select option by value '41' of object 'Object Repository/Page_Budget Management System/select_Cartera'  using regular expression (Root cause: com.kms.katalon.core.webui.exception.WebElementNotFoundException: Web element with id: 'Object Repository/Page_Budget Management System/select_Cartera' located by 'By.xpath: //select[@id = 'conceptos' and @name = 'id_concepto' and (text() = '
            
              Cartera
            
              Gaseosa
            
              cine
            
              freelancing
            
              celular
            
              polo
            
              compras casa
            
              mantenimiento laptop
            
              Libro
            
              Dictado de clases
            
              viaje lima
            
              temporal
            
              temporal
            
          ' or . = '
            
              Cartera
            
              Gaseosa
            
              cine
            
              freelancing
            
              celular
            
              polo
            
              compras casa
            
              mantenimiento laptop
            
              Libro
            
              Dictado de clases
            
              viaje lima
            
              temporal
            
              temporal
            
          ')]' not found)

2018-12-08 17:22:03 - [TEST_STEP][PASSED] - click: Object: 'Object Repository/Page_Budget Management System/button_Sign In' is clicked on

2018-12-08 17:22:06 - [MESSAGE][PASSED] - Object: 'Object Repository/Page_Budget Management System/button_Sign In' is clicked on

2018-12-08 17:22:06 - [TEST_STEP][PASSED] - click: Object: 'Object Repository/Page_Budget Management System/a_Daily Input' is clicked on

2018-12-08 17:22:09 - [MESSAGE][PASSED] - Object: 'Object Repository/Page_Budget Management System/a_Daily Input' is clicked on

2018-12-08 17:22:09 - [TEST_STEP][FAILED] - Statement - For ([row = 1, row <= com.kms.katalon.core.testdata.TestDataFactory.findTestData(TD Bs Di).getRowNumbers(), (row++)]): Unable to select option by value '41' of object 'Object Repository/Page_Budget Management System/select_Cartera'  using regular expression (Root cause: com.kms.katalon.core.webui.exception.WebElementNotFoundException: Web element with id: 'Object Repository/Page_Budget Management System/select_Cartera' located by 'By.xpath: //select[@id = 'conceptos' and @name = 'id_concepto' and (text() = '
            
              Cartera
            
              Gaseosa
            
              cine
            
              freelancing
            
              celular
            
              polo
            
              compras casa
            
              mantenimiento laptop
            
              Libro
            
              Dictado de clases
            
              viaje lima
            
              temporal
            
              temporal
            
          ' or . = '
            
              Cartera
            
              Gaseosa
            
              cine
            
              freelancing
            
              celular
            
              polo
            
              compras casa
            
              mantenimiento laptop
            
              Libro
            
              Dictado de clases
            
              viaje lima
            
              temporal
            
              temporal
            
          ')]' not found)

2018-12-08 17:22:09 - [TEST_STEP][PASSED] - setText: Text '02/09/2018' is set on object 'Object Repository/Page_Budget Management System/input_from_date'

2018-12-08 17:22:12 - [MESSAGE][PASSED] - Text '02/09/2018' is set on object 'Object Repository/Page_Budget Management System/input_from_date'

2018-12-08 17:22:12 - [TEST_STEP][FAILED] - selectOptionByValue: Unable to select option by value '41' of object 'Object Repository/Page_Budget Management System/select_Cartera'  using regular expression (Root cause: com.kms.katalon.core.webui.exception.WebElementNotFoundException: Web element with id: 'Object Repository/Page_Budget Management System/select_Cartera' located by 'By.xpath: //select[@id = 'conceptos' and @name = 'id_concepto' and (text() = '
            
              Cartera
            
              Gaseosa
            
              cine
            
              freelancing
            
              celular
            
              polo
            
              compras casa
            
              mantenimiento laptop
            
              Libro
            
              Dictado de clases
            
              viaje lima
            
              temporal
            
              temporal
            
          ' or . = '
            
              Cartera
            
              Gaseosa
            
              cine
            
              freelancing
            
              celular
            
              polo
            
              compras casa
            
              mantenimiento laptop
            
              Libro
            
              Dictado de clases
            
              viaje lima
            
              temporal
            
              temporal
            
          ')]' not found)

2018-12-08 17:22:45 - [MESSAGE][FAILED] - Unable to select option by value '41' of object 'Object Repository/Page_Budget Management System/select_Cartera'  using regular expression (Root cause: com.kms.katalon.core.webui.exception.WebElementNotFoundException: Web element with id: 'Object Repository/Page_Budget Management System/select_Cartera' located by 'By.xpath: //select[@id = 'conceptos' and @name = 'id_concepto' and (text() = '
            
              Cartera
            
              Gaseosa
            
              cine
            
              freelancing
            
              celular
            
              polo
            
              compras casa
            
              mantenimiento laptop
            
              Libro
            
              Dictado de clases
            
              viaje lima
            
              temporal
            
              temporal
            
          ' or . = '
            
              Cartera
            
              Gaseosa
            
              cine
            
              freelancing
            
              celular
            
              polo
            
              compras casa
            
              mantenimiento laptop
            
              Libro
            
              Dictado de clases
            
              viaje lima
            
              temporal
            
              temporal
            
          ')]' not found)
[[ATTACHMENT|C:\\Users\\AM\\Documents\\Katalon Studio\\sgpf\\Reports\\TSu_5 Daily Input\\20181208_172133\\1544307765554.png]]]]></system-out>
         <system-err><![CDATA[2018-12-08 17:22:02 - [TEST_CASE][FAILED] - Test Cases/TC_06 Add Daily Input: Test Cases/TC_06 Add Daily Input FAILED because (of) Unable to select option by value '41' of object 'Object Repository/Page_Budget Management System/select_Cartera'  using regular expression (Root cause: com.kms.katalon.core.webui.exception.WebElementNotFoundException: Web element with id: 'Object Repository/Page_Budget Management System/select_Cartera' located by 'By.xpath: //select[@id = 'conceptos' and @name = 'id_concepto' and (text() = '
            
              Cartera
            
              Gaseosa
            
              cine
            
              freelancing
            
              celular
            
              polo
            
              compras casa
            
              mantenimiento laptop
            
              Libro
            
              Dictado de clases
            
              viaje lima
            
              temporal
            
              temporal
            
          ' or . = '
            
              Cartera
            
              Gaseosa
            
              cine
            
              freelancing
            
              celular
            
              polo
            
              compras casa
            
              mantenimiento laptop
            
              Libro
            
              Dictado de clases
            
              viaje lima
            
              temporal
            
              temporal
            
          ')]' not found)]]></system-err>
      </testcase>
      <system-out><![CDATA[2018-12-08 17:21:37 - [TEST_SUITE][FAILED] - TSu_5 Daily Input: Test Cases/TC_06 Add Daily Input FAILED because (of) Unable to select option by value '41' of object 'Object Repository/Page_Budget Management System/select_Cartera'  using regular expression (Root cause: com.kms.katalon.core.webui.exception.WebElementNotFoundException: Web element with id: 'Object Repository/Page_Budget Management System/select_Cartera' located by 'By.xpath: //select[@id = 'conceptos' and @name = 'id_concepto' and (text() = '
            
              Cartera
            
              Gaseosa
            
              cine
            
              freelancing
            
              celular
            
              polo
            
              compras casa
            
              mantenimiento laptop
            
              Libro
            
              Dictado de clases
            
              viaje lima
            
              temporal
            
              temporal
            
          ' or . = '
            
              Cartera
            
              Gaseosa
            
              cine
            
              freelancing
            
              celular
            
              polo
            
              compras casa
            
              mantenimiento laptop
            
              Libro
            
              Dictado de clases
            
              viaje lima
            
              temporal
            
              temporal
            
          ')]' not found)]]></system-out>
      <system-err><![CDATA[2018-12-08 17:21:37 - [TEST_SUITE][FAILED] - TSu_5 Daily Input: Test Cases/TC_06 Add Daily Input FAILED because (of) Unable to select option by value '41' of object 'Object Repository/Page_Budget Management System/select_Cartera'  using regular expression (Root cause: com.kms.katalon.core.webui.exception.WebElementNotFoundException: Web element with id: 'Object Repository/Page_Budget Management System/select_Cartera' located by 'By.xpath: //select[@id = 'conceptos' and @name = 'id_concepto' and (text() = '
            
              Cartera
            
              Gaseosa
            
              cine
            
              freelancing
            
              celular
            
              polo
            
              compras casa
            
              mantenimiento laptop
            
              Libro
            
              Dictado de clases
            
              viaje lima
            
              temporal
            
              temporal
            
          ' or . = '
            
              Cartera
            
              Gaseosa
            
              cine
            
              freelancing
            
              celular
            
              polo
            
              compras casa
            
              mantenimiento laptop
            
              Libro
            
              Dictado de clases
            
              viaje lima
            
              temporal
            
              temporal
            
          ')]' not found)]]></system-err>
   </testsuite>
</testsuites>
