<?xml version="1.0" encoding="UTF-8"?>
<testsuites name="TSu_4 Balance" time="41" tests="2" failures="0" errors="0">
   <testsuite name="TSu_4 Balance" tests="2" failures="0" errors="0" time="41" timestamp="2018-12-08 17:09:47" hostname="AM - DESKTOP-A9QU20P" id="Test Suites/TSu_4 Balance">
      <properties>
         <property name="deviceName" value=""/>
         <property name="devicePlatform" value=""/>
         <property name="logFolder" value="C:\\Users\\AM\\Documents\\Katalon Studio\\sgpf\\Reports\\TSu_4 Balance\\20181208_170943"/>
         <property name="logFiles" value="C:\\Users\\AM\\Documents\\Katalon Studio\\sgpf\\Reports\\TSu_4 Balance\\20181208_170943\\execution0.log"/>
         <property name="attachments" value=""/>
         <property name="hostName" value="AM - DESKTOP-A9QU20P"/>
         <property name="os" value="Windows 10 64bit"/>
         <property name="katalonVersion" value="5.6.3.1"/>
         <property name="browser" value="Chrome 70.0.3538.110"/>
         <property name="hostAddress" value="192.168.8.100"/>
         <property name="sessionId" value="7e6271c086ca3c7fc4739ac41b681378"/>
         <property name="seleniumVersion" value="3.7.1"/>
         <property name="proxyInformation" value="ProxyInformation{proxyOption=NO_PROXY, proxyServerType=HTTP, password=, proxyServerAddress=, proxyServerPort=0}"/>
         <property name="platform" value="Windows 10"/>
      </properties>
      <testcase name="Test Cases/Ulogin" classname="Test Cases/Ulogin" status="PASSED">
         <system-out><![CDATA[2018-12-08 17:09:48 - [TEST_CASE][PASSED] - Test Cases/Ulogin: Test Cases/Ulogin

2018-12-08 17:09:49 - [TEST_STEP][PASSED] - openBrowser: Browser is opened with url: ''

2018-12-08 17:09:58 - [MESSAGE][PASSED] - Browser is opened with url: ''

2018-12-08 17:09:58 - [TEST_STEP][PASSED] - navigateToUrl: Navigate to 'http://localhost:8000/login/' successfully

2018-12-08 17:10:01 - [MESSAGE][PASSED] - Navigate to 'http://localhost:8000/login/' successfully

2018-12-08 17:10:01 - [TEST_STEP][PASSED] - setText: Text 'stefanie' is set on object 'Object Repository/Page_Budget Management System/input_username'

2018-12-08 17:10:03 - [MESSAGE][PASSED] - Text 'stefanie' is set on object 'Object Repository/Page_Budget Management System/input_username'

2018-12-08 17:10:03 - [TEST_STEP][PASSED] - setEncryptedText: Text ****** has been set on object 'Object Repository/Page_Budget Management System/input_password'

2018-12-08 17:10:04 - [MESSAGE][PASSED] - Text ****** has been set on object 'Object Repository/Page_Budget Management System/input_password']]></system-out>
         <system-err><![CDATA[]]></system-err>
      </testcase>
      <testcase name="Test Cases/TC_05 Visualize Expenses" classname="Test Cases/TC_05 Visualize Expenses" status="PASSED">
         <system-out><![CDATA[2018-12-08 17:10:04 - [TEST_CASE][PASSED] - Test Cases/TC_05 Visualize Expenses: Test Cases/TC_05 Visualize Expenses

2018-12-08 17:10:05 - [TEST_STEP][PASSED] - click: Object: 'Object Repository/Page_Budget Management System/button_Sign In' is clicked on

2018-12-08 17:10:09 - [MESSAGE][PASSED] - Object: 'Object Repository/Page_Budget Management System/button_Sign In' is clicked on

2018-12-08 17:10:09 - [TEST_STEP][PASSED] - Statement - For ([row = 1, row <= com.kms.katalon.core.testdata.TestDataFactory.findTestData(TD Balance).getRowNumbers(), (row++)]): Reading CSV file with source file 'comma', separator 'containing header' and '{2}'

2018-12-08 17:10:09 - [TEST_STEP][PASSED] - setText: Text '01/09/2018' is set on object 'Object Repository/Page_Budget Management System/input_from'

2018-12-08 17:10:13 - [MESSAGE][PASSED] - Text '01/09/2018' is set on object 'Object Repository/Page_Budget Management System/input_from'

2018-12-08 17:10:13 - [TEST_STEP][PASSED] - setText: Text '15/09/2018' is set on object 'Object Repository/Page_Budget Management System/input_to'

2018-12-08 17:10:16 - [MESSAGE][PASSED] - Text '15/09/2018' is set on object 'Object Repository/Page_Budget Management System/input_to'

2018-12-08 17:10:16 - [TEST_STEP][PASSED] - click: Object: 'Object Repository/Page_Budget Management System/button_Visualize Expenses' is clicked on

2018-12-08 17:10:17 - [MESSAGE][PASSED] - Object: 'Object Repository/Page_Budget Management System/button_Visualize Expenses' is clicked on

2018-12-08 17:10:17 - [TEST_STEP][PASSED] - Statement - java.lang.Thread.sleep(1000): null

2018-12-08 17:10:18 - [TEST_STEP][PASSED] - click: Object: 'Object Repository/Page_Budget Management System/button_return' is clicked on

2018-12-08 17:10:18 - [MESSAGE][PASSED] - Object: 'Object Repository/Page_Budget Management System/button_return' is clicked on

2018-12-08 17:10:18 - [TEST_STEP][PASSED] - Statement - java.lang.Thread.sleep(2000): Reading CSV file with source file 'comma', separator 'containing header' and '{2}'

2018-12-08 17:10:21 - [TEST_STEP][PASSED] - setText: Text '15/09/2018' is set on object 'Object Repository/Page_Budget Management System/input_from'

2018-12-08 17:10:22 - [MESSAGE][PASSED] - Text '15/09/2018' is set on object 'Object Repository/Page_Budget Management System/input_from'

2018-12-08 17:10:22 - [TEST_STEP][PASSED] - setText: Text '01/09/2018' is set on object 'Object Repository/Page_Budget Management System/input_to'

2018-12-08 17:10:23 - [MESSAGE][PASSED] - Text '01/09/2018' is set on object 'Object Repository/Page_Budget Management System/input_to'

2018-12-08 17:10:23 - [TEST_STEP][PASSED] - click: Object: 'Object Repository/Page_Budget Management System/button_Visualize Expenses' is clicked on

2018-12-08 17:10:24 - [MESSAGE][PASSED] - Object: 'Object Repository/Page_Budget Management System/button_Visualize Expenses' is clicked on

2018-12-08 17:10:24 - [TEST_STEP][PASSED] - Statement - java.lang.Thread.sleep(1000): null

2018-12-08 17:10:25 - [TEST_STEP][PASSED] - click: Object: 'Object Repository/Page_Budget Management System/button_return' is clicked on

2018-12-08 17:10:25 - [MESSAGE][PASSED] - Object: 'Object Repository/Page_Budget Management System/button_return' is clicked on

2018-12-08 17:10:25 - [TEST_STEP][PASSED] - Statement - java.lang.Thread.sleep(2000): Reading CSV file with source file 'comma', separator 'containing header' and '{2}'

2018-12-08 17:10:27 - [TEST_STEP][PASSED] - closeBrowser: Browser is closed

2018-12-08 17:10:29 - [MESSAGE][PASSED] - Browser is closed]]></system-out>
         <system-err><![CDATA[]]></system-err>
      </testcase>
      <system-out><![CDATA[2018-12-08 17:09:47 - [TEST_SUITE][PASSED] - TSu_4 Balance: Test Cases/TC_05 Visualize Expenses]]></system-out>
      <system-err><![CDATA[]]></system-err>
   </testsuite>
</testsuites>
