<?xml version="1.0" encoding="UTF-8"?>
<testsuites name="TSu_7 Saving History" time="46" tests="2" failures="0" errors="0">
   <testsuite name="TSu_7 Saving History" tests="2" failures="0" errors="0" time="46" timestamp="2018-11-29 09:20:50" hostname="AM - DESKTOP-A9QU20P" id="Test Suites/TSu_7 Saving History">
      <properties>
         <property name="deviceName" value=""/>
         <property name="devicePlatform" value=""/>
         <property name="logFolder" value="C:\\Users\\AM\\Documents\\Katalon Studio\\sgpf\\Reports\\TSu_7 Saving History\\20181129_092041"/>
         <property name="logFiles" value="C:\\Users\\AM\\Documents\\Katalon Studio\\sgpf\\Reports\\TSu_7 Saving History\\20181129_092041\\execution0.log"/>
         <property name="attachments" value=""/>
         <property name="hostName" value="AM - DESKTOP-A9QU20P"/>
         <property name="os" value="Windows 10 64bit"/>
         <property name="katalonVersion" value="5.6.3.1"/>
         <property name="browser" value="Chrome 70.0.3538.110"/>
         <property name="hostAddress" value="192.168.8.100"/>
         <property name="sessionId" value="4b41007840c3fe36048867163a02f092"/>
         <property name="seleniumVersion" value="3.7.1"/>
         <property name="proxyInformation" value="ProxyInformation{proxyOption=NO_PROXY, proxyServerType=HTTP, password=, proxyServerAddress=, proxyServerPort=0}"/>
         <property name="platform" value="Windows 10"/>
      </properties>
      <testcase name="Test Cases/Ulogin" classname="Test Cases/Ulogin" status="PASSED">
         <system-out><![CDATA[2018-11-29 09:20:52 - [TEST_CASE][PASSED] - Test Cases/Ulogin: Test Cases/Ulogin

2018-11-29 09:20:54 - [TEST_STEP][PASSED] - openBrowser: Browser is opened with url: ''

2018-11-29 09:21:09 - [MESSAGE][PASSED] - Browser is opened with url: ''

2018-11-29 09:21:09 - [TEST_STEP][PASSED] - navigateToUrl: Navigate to 'http://localhost:8000/login/' successfully

2018-11-29 09:21:15 - [MESSAGE][PASSED] - Navigate to 'http://localhost:8000/login/' successfully

2018-11-29 09:21:15 - [TEST_STEP][PASSED] - setText: Text 'stefanie' is set on object 'Object Repository/Page_Budget Management System/input_username'

2018-11-29 09:21:16 - [MESSAGE][PASSED] - Text 'stefanie' is set on object 'Object Repository/Page_Budget Management System/input_username'

2018-11-29 09:21:16 - [TEST_STEP][PASSED] - setEncryptedText: Text ****** has been set on object 'Object Repository/Page_Budget Management System/input_password'

2018-11-29 09:21:17 - [MESSAGE][PASSED] - Text ****** has been set on object 'Object Repository/Page_Budget Management System/input_password']]></system-out>
         <system-err><![CDATA[]]></system-err>
      </testcase>
      <testcase name="Test Cases/TC_12 Saving History" classname="Test Cases/TC_12 Saving History" status="PASSED">
         <system-out><![CDATA[2018-11-29 09:21:17 - [TEST_CASE][PASSED] - Test Cases/TC_12 Saving History: Test Cases/TC_12 Saving History

2018-11-29 09:21:18 - [TEST_STEP][PASSED] - click: Object: 'Object Repository/Page_Budget Management System/button_Sign In' is clicked on

2018-11-29 09:21:26 - [MESSAGE][PASSED] - Object: 'Object Repository/Page_Budget Management System/button_Sign In' is clicked on

2018-11-29 09:21:27 - [TEST_STEP][PASSED] - click: Object: 'Object Repository/Page_Budget Management System/a_Savings History' is clicked on

2018-11-29 09:21:31 - [MESSAGE][PASSED] - Object: 'Object Repository/Page_Budget Management System/a_Savings History' is clicked on

2018-11-29 09:21:31 - [TEST_STEP][PASSED] - Statement - java.lang.Thread.sleep(2000): null

2018-11-29 09:21:33 - [TEST_STEP][PASSED] - click: Object: 'Object Repository/Page_Budget Management System/a_Logout' is clicked on

2018-11-29 09:21:35 - [MESSAGE][PASSED] - Object: 'Object Repository/Page_Budget Management System/a_Logout' is clicked on

2018-11-29 09:21:35 - [TEST_STEP][PASSED] - closeBrowser: Browser is closed

2018-11-29 09:21:36 - [MESSAGE][PASSED] - Browser is closed]]></system-out>
         <system-err><![CDATA[]]></system-err>
      </testcase>
      <system-out><![CDATA[2018-11-29 09:20:50 - [TEST_SUITE][PASSED] - TSu_7 Saving History: Test Cases/TC_12 Saving History]]></system-out>
      <system-err><![CDATA[]]></system-err>
   </testsuite>
</testsuites>
