<?xml version="1.0" encoding="UTF-8"?>
<testsuites name="TSu_5 Configuration" time="69" tests="1" failures="1" errors="0">
   <testsuite name="TSu_5 Configuration" tests="1" failures="1" errors="0" time="69" timestamp="2018-12-08 17:15:09" hostname="AM - DESKTOP-A9QU20P" id="Test Suites/TSu_5 Configuration">
      <properties>
         <property name="deviceName" value=""/>
         <property name="devicePlatform" value=""/>
         <property name="logFolder" value="C:\\Users\\AM\\Documents\\Katalon Studio\\sgpf\\Reports\\TSu_5 Configuration\\20181208_171504"/>
         <property name="logFiles" value="C:\\Users\\AM\\Documents\\Katalon Studio\\sgpf\\Reports\\TSu_5 Configuration\\20181208_171504\\execution0.log"/>
         <property name="attachments" value="C:\\Users\\AM\\Documents\\Katalon Studio\\sgpf\\Reports\\TSu_5 Configuration\\20181208_171504\\1544307377057.png"/>
         <property name="hostName" value="AM - DESKTOP-A9QU20P"/>
         <property name="os" value="Windows 10 64bit"/>
         <property name="katalonVersion" value="5.6.3.1"/>
         <property name="browser" value="Chrome 70.0.3538.110"/>
         <property name="hostAddress" value="192.168.8.100"/>
         <property name="sessionId" value="d2142cc1784bc94a9092857daa25dc13"/>
         <property name="seleniumVersion" value="3.7.1"/>
         <property name="proxyInformation" value="ProxyInformation{proxyOption=NO_PROXY, proxyServerType=HTTP, password=, proxyServerAddress=, proxyServerPort=0}"/>
         <property name="platform" value="Windows 10"/>
      </properties>
      <testcase name="Test Cases/Ulogin" classname="Test Cases/Ulogin" status="PASSED">
         <system-out><![CDATA[2018-12-08 17:15:10 - [TEST_CASE][PASSED] - Test Cases/Ulogin: Test Cases/Ulogin

2018-12-08 17:15:11 - [TEST_STEP][PASSED] - openBrowser: Browser is opened with url: ''

2018-12-08 17:15:19 - [MESSAGE][PASSED] - Browser is opened with url: ''

2018-12-08 17:15:19 - [TEST_STEP][PASSED] - navigateToUrl: Navigate to 'http://localhost:8000/login/' successfully

2018-12-08 17:15:26 - [MESSAGE][PASSED] - Navigate to 'http://localhost:8000/login/' successfully

2018-12-08 17:15:26 - [TEST_STEP][PASSED] - setText: Text 'stefanie' is set on object 'Object Repository/Page_Budget Management System/input_username'

2018-12-08 17:15:27 - [MESSAGE][PASSED] - Text 'stefanie' is set on object 'Object Repository/Page_Budget Management System/input_username'

2018-12-08 17:15:27 - [TEST_STEP][PASSED] - setEncryptedText: Text ****** has been set on object 'Object Repository/Page_Budget Management System/input_password'

2018-12-08 17:15:28 - [MESSAGE][PASSED] - Text ****** has been set on object 'Object Repository/Page_Budget Management System/input_password']]></system-out>
         <system-err><![CDATA[]]></system-err>
      </testcase>
      <testcase name="Test Cases/TC_09 Disable Concept" classname="Test Cases/TC_09 Disable Concept" status="FAILED">
         <failure type="FAILED" message="Unable to select option by value '2' of object 'Object Repository/Page_Budget Management System/select_No Period'  using regular expression (Root cause: com.kms.katalon.core.webui.exception.WebElementNotFoundException: Web element with id: 'Object Repository/Page_Budget Management System/select_No Period' located by 'By.xpath: //select[@name = 'period' and @id = 'period' and (text() = '
      
        No Period
      
        Daily
      
        Biweekly
      
        Monthly
      
    ' or . = '
      
        No Period
      
        Daily
      
        Biweekly
      
        Monthly
      
    ')]' not found)"/>
         <system-out><![CDATA[2018-12-08 17:15:28 - [TEST_CASE][FAILED] - Test Cases/TC_09 Disable Concept: Test Cases/TC_09 Disable Concept FAILED because (of) Unable to select option by value '2' of object 'Object Repository/Page_Budget Management System/select_No Period'  using regular expression (Root cause: com.kms.katalon.core.webui.exception.WebElementNotFoundException: Web element with id: 'Object Repository/Page_Budget Management System/select_No Period' located by 'By.xpath: //select[@name = 'period' and @id = 'period' and (text() = '
      
        No Period
      
        Daily
      
        Biweekly
      
        Monthly
      
    ' or . = '
      
        No Period
      
        Daily
      
        Biweekly
      
        Monthly
      
    ')]' not found)

2018-12-08 17:15:29 - [TEST_STEP][PASSED] - click: Object: 'Object Repository/Page_Budget Management System/button_Sign In' is clicked on

2018-12-08 17:15:33 - [MESSAGE][PASSED] - Object: 'Object Repository/Page_Budget Management System/button_Sign In' is clicked on

2018-12-08 17:15:33 - [TEST_STEP][PASSED] - click: Object: 'Object Repository/Page_Budget Management System/a_Configuration (1)' is clicked on

2018-12-08 17:15:34 - [MESSAGE][PASSED] - Object: 'Object Repository/Page_Budget Management System/a_Configuration (1)' is clicked on

2018-12-08 17:15:34 - [TEST_STEP][PASSED] - click: Object: 'Object Repository/Page_Budget Management System/a_Concept' is clicked on

2018-12-08 17:15:37 - [MESSAGE][PASSED] - Object: 'Object Repository/Page_Budget Management System/a_Concept' is clicked on

2018-12-08 17:15:37 - [TEST_STEP][FAILED] - Statement - For ([row = 1, row <= com.kms.katalon.core.testdata.TestDataFactory.findTestData(TD Concept).getRowNumbers(), (row++)]): Unable to select option by value '2' of object 'Object Repository/Page_Budget Management System/select_No Period'  using regular expression (Root cause: com.kms.katalon.core.webui.exception.WebElementNotFoundException: Web element with id: 'Object Repository/Page_Budget Management System/select_No Period' located by 'By.xpath: //select[@name = 'period' and @id = 'period' and (text() = '
      
        No Period
      
        Daily
      
        Biweekly
      
        Monthly
      
    ' or . = '
      
        No Period
      
        Daily
      
        Biweekly
      
        Monthly
      
    ')]' not found)

2018-12-08 17:15:38 - [TEST_STEP][PASSED] - click: Object: 'Object Repository/Page_Budget Management System/a_Configuration (1)' is clicked on

2018-12-08 17:15:40 - [MESSAGE][PASSED] - Object: 'Object Repository/Page_Budget Management System/a_Configuration (1)' is clicked on

2018-12-08 17:15:40 - [TEST_STEP][PASSED] - click: Object: 'Object Repository/Page_Budget Management System/a_Concept' is clicked on

2018-12-08 17:15:41 - [MESSAGE][PASSED] - Object: 'Object Repository/Page_Budget Management System/a_Concept' is clicked on

2018-12-08 17:15:41 - [TEST_STEP][PASSED] - setText: Text 'food' is set on object 'Object Repository/Page_Budget Management System/input_name'

2018-12-08 17:15:42 - [MESSAGE][PASSED] - Text 'food' is set on object 'Object Repository/Page_Budget Management System/input_name'

2018-12-08 17:15:42 - [TEST_STEP][PASSED] - setText: Text '5000' is set on object 'Object Repository/Page_Budget Management System/input_value (2)'

2018-12-08 17:15:43 - [MESSAGE][PASSED] - Text '5000' is set on object 'Object Repository/Page_Budget Management System/input_value (2)'

2018-12-08 17:15:43 - [TEST_STEP][FAILED] - selectOptionByValue: Unable to select option by value '2' of object 'Object Repository/Page_Budget Management System/select_No Period'  using regular expression (Root cause: com.kms.katalon.core.webui.exception.WebElementNotFoundException: Web element with id: 'Object Repository/Page_Budget Management System/select_No Period' located by 'By.xpath: //select[@name = 'period' and @id = 'period' and (text() = '
      
        No Period
      
        Daily
      
        Biweekly
      
        Monthly
      
    ' or . = '
      
        No Period
      
        Daily
      
        Biweekly
      
        Monthly
      
    ')]' not found)

2018-12-08 17:16:17 - [MESSAGE][FAILED] - Unable to select option by value '2' of object 'Object Repository/Page_Budget Management System/select_No Period'  using regular expression (Root cause: com.kms.katalon.core.webui.exception.WebElementNotFoundException: Web element with id: 'Object Repository/Page_Budget Management System/select_No Period' located by 'By.xpath: //select[@name = 'period' and @id = 'period' and (text() = '
      
        No Period
      
        Daily
      
        Biweekly
      
        Monthly
      
    ' or . = '
      
        No Period
      
        Daily
      
        Biweekly
      
        Monthly
      
    ')]' not found)
[[ATTACHMENT|C:\\Users\\AM\\Documents\\Katalon Studio\\sgpf\\Reports\\TSu_5 Configuration\\20181208_171504\\1544307377057.png]]]]></system-out>
         <system-err><![CDATA[2018-12-08 17:15:28 - [TEST_CASE][FAILED] - Test Cases/TC_09 Disable Concept: Test Cases/TC_09 Disable Concept FAILED because (of) Unable to select option by value '2' of object 'Object Repository/Page_Budget Management System/select_No Period'  using regular expression (Root cause: com.kms.katalon.core.webui.exception.WebElementNotFoundException: Web element with id: 'Object Repository/Page_Budget Management System/select_No Period' located by 'By.xpath: //select[@name = 'period' and @id = 'period' and (text() = '
      
        No Period
      
        Daily
      
        Biweekly
      
        Monthly
      
    ' or . = '
      
        No Period
      
        Daily
      
        Biweekly
      
        Monthly
      
    ')]' not found)]]></system-err>
      </testcase>
      <system-out><![CDATA[2018-12-08 17:15:09 - [TEST_SUITE][FAILED] - TSu_5 Configuration: Test Cases/TC_09 Disable Concept FAILED because (of) Unable to select option by value '2' of object 'Object Repository/Page_Budget Management System/select_No Period'  using regular expression (Root cause: com.kms.katalon.core.webui.exception.WebElementNotFoundException: Web element with id: 'Object Repository/Page_Budget Management System/select_No Period' located by 'By.xpath: //select[@name = 'period' and @id = 'period' and (text() = '
      
        No Period
      
        Daily
      
        Biweekly
      
        Monthly
      
    ' or . = '
      
        No Period
      
        Daily
      
        Biweekly
      
        Monthly
      
    ')]' not found)]]></system-out>
      <system-err><![CDATA[2018-12-08 17:15:09 - [TEST_SUITE][FAILED] - TSu_5 Configuration: Test Cases/TC_09 Disable Concept FAILED because (of) Unable to select option by value '2' of object 'Object Repository/Page_Budget Management System/select_No Period'  using regular expression (Root cause: com.kms.katalon.core.webui.exception.WebElementNotFoundException: Web element with id: 'Object Repository/Page_Budget Management System/select_No Period' located by 'By.xpath: //select[@name = 'period' and @id = 'period' and (text() = '
      
        No Period
      
        Daily
      
        Biweekly
      
        Monthly
      
    ' or . = '
      
        No Period
      
        Daily
      
        Biweekly
      
        Monthly
      
    ')]' not found)]]></system-err>
   </testsuite>
</testsuites>
